<?xml version="1.0" encoding="utf-8"?><testsuites name="pytest tests"><testsuite name="pytest" errors="0" failures="0" skipped="1" tests="77" time="23.256" timestamp="2026-05-18T10:55:36.625566+00:00" hostname="agent-env-43a6eb56-02bc-4422-af3a-5adfccdaf60e"><testcase classname="tests.backend_test.TestAuth" name="test_login_success" time="0.350" /><testcase classname="tests.backend_test.TestAuth" name="test_login_wrong_password" time="0.274" /><testcase classname="tests.backend_test.TestAuth" name="test_auth_me_with_bearer" time="0.314" /><testcase classname="tests.backend_test.TestAuth" name="test_no_auth_protected" time="0.138" /><testcase classname="tests.backend_test.TestDashboard" name="test_kpi" time="0.048" /><testcase classname="tests.backend_test.TestDashboard" name="test_cashflow" time="0.056" /><testcase classname="tests.backend_test.TestDashboard" name="test_by_ship" time="0.047" /><testcase classname="tests.backend_test.TestDashboard" name="test_by_company" time="0.047" /><testcase classname="tests.backend_test.TestDashboard" name="test_by_expense_type" time="0.045" /><testcase classname="tests.backend_test.TestDashboard" name="test_upcoming" time="0.046" /><testcase classname="tests.backend_test.TestDashboard" name="test_recent" time="0.051" /><testcase classname="tests.backend_test.TestPayables" name="test_list_payables" time="0.058" /><testcase classname="tests.backend_test.TestPayables" name="test_list_receivables" time="0.046" /><testcase classname="tests.backend_test.TestPayables" name="test_search_filter" time="0.053" /><testcase classname="tests.backend_test.TestPayables" name="test_create_payable_persist" time="0.094" /><testcase classname="tests.backend_test.TestPayables" name="test_update_payable" time="0.090" /><testcase classname="tests.backend_test.TestPayments" name="test_list_payments" time="0.056" /><testcase classname="tests.backend_test.TestPayments" name="test_filter_by_type" time="0.049" /><testcase classname="tests.backend_test.TestPayments" name="test_payable_payment_integration" time="0.135" /><testcase classname="tests.backend_test.TestPayments" name="test_cleanup_integration" time="0.135" /><testcase classname="tests.backend_test.TestCurrentAccounts" name="test_list" time="0.054" /><testcase classname="tests.backend_test.TestBanks" name="test_list_banks" time="0.044" /><testcase classname="tests.backend_test.TestReports" name="test_reports[by-ship-detail]" time="0.047" /><testcase classname="tests.backend_test.TestReports" name="test_reports[aging]" time="0.045" /><testcase classname="tests.backend_test.TestReports" name="test_reports[monthly-projection]" time="0.052" /><testcase classname="tests.backend_test.TestReports" name="test_reports[top-vendors]" time="0.047" /><testcase classname="tests.backend_test.TestReports" name="test_reports[by-currency]" time="0.044" /><testcase classname="tests.backend_test.TestMaster" name="test_list_collection[companies]" time="0.045" /><testcase classname="tests.backend_test.TestMaster" name="test_list_collection[ships]" time="0.045" /><testcase classname="tests.backend_test.TestMaster" name="test_list_collection[vendors]" time="0.069" /><testcase classname="tests.backend_test.TestMaster" name="test_list_collection[banks]" time="0.045" /><testcase classname="tests.backend_test.TestMaster" name="test_list_collection[expense_types]" time="0.047" /><testcase classname="tests.backend_test.TestMaster" name="test_list_collection[accounting_codes]" time="0.046" /><testcase classname="tests.backend_test.TestMaster" name="test_list_collection[currencies]" time="0.046" /><testcase classname="tests.backend_test.TestMaster" name="test_list_collection[payment_statuses]" time="0.043" /><testcase classname="tests.backend_test.TestMaster" name="test_list_collection[payment_methods]" time="0.044" /><testcase classname="tests.backend_test.TestMaster" name="test_list_collection[armators]" time="0.044" /><testcase classname="tests.backend_test.TestMaster" name="test_list_collection[managers]" time="0.045" /><testcase classname="tests.backend_test.TestMaster" name="test_list_collection[people]" time="0.045" /><testcase classname="tests.backend_test.TestMaster" name="test_list_collection[countries]" time="0.045" /><testcase classname="tests.backend_test.TestMaster" name="test_crud_vendors" time="0.137" /><testcase classname="tests.backend_test.TestReminders" name="test_check_due" time="0.046" /><testcase classname="tests.backend_test.TestReminders" name="test_notifications_list" time="0.048" /><testcase classname="tests.backend_test.TestReminders" name="test_mark_all_read" time="0.049" /><testcase classname="tests.backend_test.TestUsers" name="test_list_users" time="0.045" /><testcase classname="tests.backend_test.TestUsers" name="test_audit_logs" time="0.044" /><testcase classname="tests.backend_test.TestFx" name="test_fx_latest" time="0.047" /><testcase classname="tests.test_new_features.TestSmoke" name="test_auth_me" time="0.461" /><testcase classname="tests.test_new_features.TestSmoke" name="test_dashboard_kpi" time="0.097" /><testcase classname="tests.test_new_features.TestUploads" name="test_get_a_payable" time="0.137" /><testcase classname="tests.test_new_features.TestUploads" name="test_upload_file_attached_to_payable" time="0.137" /><testcase classname="tests.test_new_features.TestUploads" name="test_list_uploads_by_resource" time="0.105" /><testcase classname="tests.test_new_features.TestUploads" name="test_get_upload_file" time="0.141" /><testcase classname="tests.test_new_features.TestUploads" name="test_reject_invalid_mime" time="0.105" /><testcase classname="tests.test_new_features.TestUploads" name="test_delete_upload" time="0.198" /><testcase classname="tests.test_new_features.TestFX" name="test_refresh_fx" time="0.793" /><testcase classname="tests.test_new_features.TestFX" name="test_fx_latest_has_recent_update" time="0.117" /><testcase classname="tests.test_new_features.TestFX" name="test_fx_on_date" time="0.100" /><testcase classname="tests.test_new_features.TestOCR" name="test_ocr_invoice_endpoint_accepts_image" time="0.135"><skipped type="pytest.skip" message="OCR returned error (expected for 1x1 dummy): File attachments are only supported with Gemini provider">/app/backend/tests/test_new_features.py:145: OCR returned error (expected for 1x1 dummy): File attachments are only supported with Gemini provider</skipped></testcase><testcase classname="tests.test_new_features.TestOCR" name="test_ocr_rejects_invalid_mime" time="0.097" /><testcase classname="tests.test_new_features.TestAIAssistant" name="test_chat_creates_session_and_responds" time="1.250" /><testcase classname="tests.test_new_features.TestAIAssistant" name="test_chat_continues_session" time="2.915" /><testcase classname="tests.test_new_features.TestAIAssistant" name="test_list_sessions" time="0.102" /><testcase classname="tests.test_new_features.TestAIAssistant" name="test_get_session_messages" time="0.110" /><testcase classname="tests.test_new_features.TestAIAssistant" name="test_delete_session" time="0.201" /><testcase classname="tests.test_ai_actions.TestRegression" name="test_login" time="0.380" /><testcase classname="tests.test_ai_actions.TestRegression" name="test_dashboard_kpi" time="0.106" /><testcase classname="tests.test_ai_actions.TestRegression" name="test_payables_list" time="0.110" /><testcase classname="tests.test_ai_actions.TestRegression" name="test_ships" time="0.113" /><testcase classname="tests.test_ai_actions.TestRegression" name="test_fx_latest" time="0.135" /><testcase classname="tests.test_ai_actions.TestRegression" name="test_ocr_mime_validation" time="0.114" /><testcase classname="tests.test_ai_actions.TestAIChatText" name="test_text_query_returns_numeric" time="1.567" /><testcase classname="tests.test_ai_actions.TestAIActions" name="test_create_payable_action_flow" time="3.387" /><testcase classname="tests.test_ai_actions.TestAIActions" name="test_action_reject_flow" time="2.227" /><testcase classname="tests.test_ai_actions.TestAIActions" name="test_send_summary_email_action" time="1.502" /><testcase classname="tests.test_ai_actions.TestAIActions" name="test_session_messages_include_action_fields" time="2.693" /><testcase classname="tests.test_ai_actions.TestAIActions" name="test_execute_invalid_action_id" time="0.115" /></testsuite></testsuites>