<?xml version="1.0" encoding="utf-8"?><testsuites name="pytest tests"><testsuite name="pytest" errors="0" failures="0" skipped="0" tests="12" time="14.477" timestamp="2026-05-18T10:05:26.886967+00:00" hostname="agent-env-43a6eb56-02bc-4422-af3a-5adfccdaf60e"><testcase classname="backend.tests.test_ai_actions.TestRegression" name="test_login" time="0.491" /><testcase classname="backend.tests.test_ai_actions.TestRegression" name="test_dashboard_kpi" time="0.149" /><testcase classname="backend.tests.test_ai_actions.TestRegression" name="test_payables_list" time="0.140" /><testcase classname="backend.tests.test_ai_actions.TestRegression" name="test_ships" time="0.114" /><testcase classname="backend.tests.test_ai_actions.TestRegression" name="test_fx_latest" time="0.137" /><testcase classname="backend.tests.test_ai_actions.TestRegression" name="test_ocr_mime_validation" time="0.100" /><testcase classname="backend.tests.test_ai_actions.TestAIChatText" name="test_text_query_returns_numeric" time="1.337" /><testcase classname="backend.tests.test_ai_actions.TestAIActions" name="test_create_payable_action_flow" time="4.901" /><testcase classname="backend.tests.test_ai_actions.TestAIActions" name="test_action_reject_flow" time="2.330" /><testcase classname="backend.tests.test_ai_actions.TestAIActions" name="test_send_summary_email_action" time="1.634" /><testcase classname="backend.tests.test_ai_actions.TestAIActions" name="test_session_messages_include_action_fields" time="2.946" /><testcase classname="backend.tests.test_ai_actions.TestAIActions" name="test_execute_invalid_action_id" time="0.103" /></testsuite></testsuites>