<?xml version="1.0" encoding="utf-8"?><testsuites name="pytest tests"><testsuite name="pytest" errors="0" failures="0" skipped="1" tests="18" time="5.416" timestamp="2026-05-18T09:51:53.882780+00:00" hostname="agent-env-43a6eb56-02bc-4422-af3a-5adfccdaf60e"><testcase classname="backend.tests.test_new_features.TestSmoke" name="test_auth_me" time="0.563" /><testcase classname="backend.tests.test_new_features.TestSmoke" name="test_dashboard_kpi" time="0.135" /><testcase classname="backend.tests.test_new_features.TestUploads" name="test_get_a_payable" time="0.099" /><testcase classname="backend.tests.test_new_features.TestUploads" name="test_upload_file_attached_to_payable" time="0.112" /><testcase classname="backend.tests.test_new_features.TestUploads" name="test_list_uploads_by_resource" time="0.105" /><testcase classname="backend.tests.test_new_features.TestUploads" name="test_get_upload_file" time="0.154" /><testcase classname="backend.tests.test_new_features.TestUploads" name="test_reject_invalid_mime" time="0.111" /><testcase classname="backend.tests.test_new_features.TestUploads" name="test_delete_upload" time="0.332" /><testcase classname="backend.tests.test_new_features.TestFX" name="test_refresh_fx" time="0.625" /><testcase classname="backend.tests.test_new_features.TestFX" name="test_fx_latest_has_recent_update" time="0.107" /><testcase classname="backend.tests.test_new_features.TestFX" name="test_fx_on_date" time="0.105" /><testcase classname="backend.tests.test_new_features.TestOCR" name="test_ocr_invoice_endpoint_accepts_image" time="0.094"><skipped type="pytest.skip" message="OCR returned error (expected for 1x1 dummy): File attachments are only supported with Gemini provider">/app/backend/tests/test_new_features.py:145: OCR returned error (expected for 1x1 dummy): File attachments are only supported with Gemini provider</skipped></testcase><testcase classname="backend.tests.test_new_features.TestOCR" name="test_ocr_rejects_invalid_mime" time="0.097" /><testcase classname="backend.tests.test_new_features.TestAIAssistant" name="test_chat_creates_session_and_responds" time="1.096" /><testcase classname="backend.tests.test_new_features.TestAIAssistant" name="test_chat_continues_session" time="1.130" /><testcase classname="backend.tests.test_new_features.TestAIAssistant" name="test_list_sessions" time="0.110" /><testcase classname="backend.tests.test_new_features.TestAIAssistant" name="test_get_session_messages" time="0.097" /><testcase classname="backend.tests.test_new_features.TestAIAssistant" name="test_delete_session" time="0.248" /></testsuite></testsuites>