<?xml version="1.0" encoding="utf-8"?><testsuites name="pytest tests"><testsuite name="pytest" errors="0" failures="0" skipped="0" tests="47" time="3.851" timestamp="2026-05-18T09:31:30.209152+00:00" hostname="agent-env-43a6eb56-02bc-4422-af3a-5adfccdaf60e"><testcase classname="backend.tests.backend_test.TestAuth" name="test_login_success" time="0.543" /><testcase classname="backend.tests.backend_test.TestAuth" name="test_login_wrong_password" time="0.269" /><testcase classname="backend.tests.backend_test.TestAuth" name="test_auth_me_with_bearer" time="0.321" /><testcase classname="backend.tests.backend_test.TestAuth" name="test_no_auth_protected" time="0.130" /><testcase classname="backend.tests.backend_test.TestDashboard" name="test_kpi" time="0.046" /><testcase classname="backend.tests.backend_test.TestDashboard" name="test_cashflow" time="0.048" /><testcase classname="backend.tests.backend_test.TestDashboard" name="test_by_ship" time="0.043" /><testcase classname="backend.tests.backend_test.TestDashboard" name="test_by_company" time="0.046" /><testcase classname="backend.tests.backend_test.TestDashboard" name="test_by_expense_type" time="0.044" /><testcase classname="backend.tests.backend_test.TestDashboard" name="test_upcoming" time="0.045" /><testcase classname="backend.tests.backend_test.TestDashboard" name="test_recent" time="0.046" /><testcase classname="backend.tests.backend_test.TestPayables" name="test_list_payables" time="0.059" /><testcase classname="backend.tests.backend_test.TestPayables" name="test_list_receivables" time="0.045" /><testcase classname="backend.tests.backend_test.TestPayables" name="test_search_filter" time="0.059" /><testcase classname="backend.tests.backend_test.TestPayables" name="test_create_payable_persist" time="0.089" /><testcase classname="backend.tests.backend_test.TestPayables" name="test_update_payable" time="0.094" /><testcase classname="backend.tests.backend_test.TestPayments" name="test_list_payments" time="0.064" /><testcase classname="backend.tests.backend_test.TestPayments" name="test_filter_by_type" time="0.054" /><testcase classname="backend.tests.backend_test.TestPayments" name="test_payable_payment_integration" time="0.149" /><testcase classname="backend.tests.backend_test.TestPayments" name="test_cleanup_integration" time="0.135" /><testcase classname="backend.tests.backend_test.TestCurrentAccounts" name="test_list" time="0.044" /><testcase classname="backend.tests.backend_test.TestBanks" name="test_list_banks" time="0.046" /><testcase classname="backend.tests.backend_test.TestReports" name="test_reports[by-ship-detail]" time="0.051" /><testcase classname="backend.tests.backend_test.TestReports" name="test_reports[aging]" time="0.047" /><testcase classname="backend.tests.backend_test.TestReports" name="test_reports[monthly-projection]" time="0.048" /><testcase classname="backend.tests.backend_test.TestReports" name="test_reports[top-vendors]" time="0.056" /><testcase classname="backend.tests.backend_test.TestReports" name="test_reports[by-currency]" time="0.046" /><testcase classname="backend.tests.backend_test.TestMaster" name="test_list_collection[companies]" time="0.048" /><testcase classname="backend.tests.backend_test.TestMaster" name="test_list_collection[ships]" time="0.045" /><testcase classname="backend.tests.backend_test.TestMaster" name="test_list_collection[vendors]" time="0.059" /><testcase classname="backend.tests.backend_test.TestMaster" name="test_list_collection[banks]" time="0.045" /><testcase classname="backend.tests.backend_test.TestMaster" name="test_list_collection[expense_types]" time="0.046" /><testcase classname="backend.tests.backend_test.TestMaster" name="test_list_collection[accounting_codes]" time="0.049" /><testcase classname="backend.tests.backend_test.TestMaster" name="test_list_collection[currencies]" time="0.056" /><testcase classname="backend.tests.backend_test.TestMaster" name="test_list_collection[payment_statuses]" time="0.053" /><testcase classname="backend.tests.backend_test.TestMaster" name="test_list_collection[payment_methods]" time="0.045" /><testcase classname="backend.tests.backend_test.TestMaster" name="test_list_collection[armators]" time="0.045" /><testcase classname="backend.tests.backend_test.TestMaster" name="test_list_collection[managers]" time="0.044" /><testcase classname="backend.tests.backend_test.TestMaster" name="test_list_collection[people]" time="0.044" /><testcase classname="backend.tests.backend_test.TestMaster" name="test_list_collection[countries]" time="0.045" /><testcase classname="backend.tests.backend_test.TestMaster" name="test_crud_vendors" time="0.179" /><testcase classname="backend.tests.backend_test.TestReminders" name="test_check_due" time="0.046" /><testcase classname="backend.tests.backend_test.TestReminders" name="test_notifications_list" time="0.043" /><testcase classname="backend.tests.backend_test.TestReminders" name="test_mark_all_read" time="0.044" /><testcase classname="backend.tests.backend_test.TestUsers" name="test_list_users" time="0.046" /><testcase classname="backend.tests.backend_test.TestUsers" name="test_audit_logs" time="0.045" /><testcase classname="backend.tests.backend_test.TestFx" name="test_fx_latest" time="0.048" /></testsuite></testsuites>